\BOOKMARK [1][-]{section.1}{\376\377\000I\000n\000t\000r\000o\000d\000u\000c\000c\000i\000\363\000n}{}% 1
\BOOKMARK [1][-]{section.2}{\376\377\000D\000e\000s\000a\000r\000r\000o\000l\000l\000o}{}% 2
\BOOKMARK [2][-]{subsection.2.1}{\376\377\000\301\000r\000e\000a\000\040\000d\000e\000\040\000e\000s\000t\000u\000d\000i\000o}{section.2}% 3
\BOOKMARK [2][-]{subsection.2.2}{\376\377\000O\000b\000t\000e\000n\000c\000i\000\363\000n\000\040\000d\000e\000\040\000i\000m\000\341\000g\000e\000n\000e\000s}{section.2}% 4
\BOOKMARK [3][-]{subsubsection.2.2.1}{\376\377\000D\000i\000s\000p\000o\000s\000i\000t\000i\000v\000o\000\040\000d\000e\000\040\000s\000e\000n\000s\000a\000d\000o}{subsection.2.2}% 5
\BOOKMARK [3][-]{subsubsection.2.2.2}{\376\377\000A\000n\000\341\000l\000i\000s\000i\000s\000\040\000v\000i\000s\000u\000a\000l}{subsection.2.2}% 6
\BOOKMARK [2][-]{subsection.2.3}{\376\377\000P\000r\000o\000c\000e\000s\000a\000m\000i\000e\000n\000t\000o\000\040\000d\000e\000\040\000i\000m\000\341\000g\000e\000n\000e\000s}{section.2}% 7
\BOOKMARK [2][-]{subsection.2.4}{\376\377\000D\000e\000s\000c\000r\000i\000p\000c\000i\000\363\000n\000\040\000d\000e\000l\000\040\000m\000o\000d\000e\000l\000o}{section.2}% 8
\BOOKMARK [2][-]{subsection.2.5}{\376\377\000C\000\341\000l\000c\000u\000l\000o\000\040\000d\000e\000\040\000\355\000n\000d\000i\000c\000e\000s}{section.2}% 9
\BOOKMARK [3][-]{subsubsection.2.5.1}{\376\377\000N\000D\000V\000I}{subsection.2.5}% 10
\BOOKMARK [3][-]{subsubsection.2.5.2}{\376\377\000N\000D\000W\000I}{subsection.2.5}% 11
\BOOKMARK [3][-]{subsubsection.2.5.3}{\376\377\000N\000D\000B\000I}{subsection.2.5}% 12
\BOOKMARK [3][-]{subsubsection.2.5.4}{\376\377\000N\000D\000B\000a\000I}{subsection.2.5}% 13
\BOOKMARK [3][-]{subsubsection.2.5.5}{\376\377\000N\000D\000M\000I}{subsection.2.5}% 14
\BOOKMARK [2][-]{subsection.2.6}{\376\377\000C\000l\000a\000s\000i\000f\000i\000c\000a\000c\000i\000\363\000n\000\040\000d\000e\000\040\000s\000u\000p\000e\000r\000f\000i\000c\000i\000e\000s}{section.2}% 15
\BOOKMARK [2][-]{subsection.2.7}{\376\377\000C\000a\000m\000p\000o\000\040\000d\000e\000\040\000a\000t\000r\000a\000c\000c\000i\000\363\000n}{section.2}% 16
\BOOKMARK [3][-]{subsubsection.2.7.1}{\376\377\000I\000d\000e\000n\000t\000i\000f\000i\000c\000a\000c\000i\000\363\000n\000\040\000d\000e\000\040\000v\000i\000v\000i\000e\000n\000d\000a\000s}{subsection.2.7}% 17
\BOOKMARK [3][-]{subsubsection.2.7.2}{\376\377\000C\000\341\000l\000c\000u\000l\000o\000\040\000d\000e\000l\000\040\000c\000a\000m\000p\000o\000\040\000d\000e\000\040\000a\000t\000r\000a\000c\000c\000i\000\363\000n}{subsection.2.7}% 18
\BOOKMARK [2][-]{subsection.2.8}{\376\377\000D\000e\000n\000s\000i\000d\000a\000d\000\040\000i\000n\000i\000c\000i\000a\000l}{section.2}% 19
\BOOKMARK [3][-]{subsubsection.2.8.1}{\376\377\000L\000e\000c\000t\000u\000r\000a\000\040\000y\000\040\000p\000r\000o\000c\000e\000s\000a\000m\000i\000e\000n\000t\000o\000\040\000d\000e\000\040\000d\000a\000t\000o\000s}{subsection.2.8}% 20
\BOOKMARK [3][-]{subsubsection.2.8.2}{\376\377\000I\000n\000t\000e\000r\000p\000o\000l\000a\000c\000i\000\363\000n\000\040\000g\000a\000u\000s\000s\000i\000a\000n\000a}{subsection.2.8}% 21
\BOOKMARK [3][-]{subsubsection.2.8.3}{\376\377\000V\000i\000s\000u\000a\000l\000i\000z\000a\000c\000i\000\363\000n\000\040\000d\000e\000\040\000r\000e\000s\000u\000l\000t\000a\000d\000o\000s}{subsection.2.8}% 22
\BOOKMARK [2][-]{subsection.2.9}{\376\377\000I\000n\000t\000e\000g\000r\000a\000c\000i\000\363\000n\000\040\000d\000e\000\040\000m\000\363\000d\000u\000l\000o\000s}{section.2}% 23
\BOOKMARK [3][-]{subsubsection.2.9.1}{\376\377\000P\000r\000e\000p\000a\000r\000a\000c\000i\000\363\000n\000\040\000d\000e\000l\000\040\000e\000n\000t\000o\000r\000n\000o\000\040\000y\000\040\000r\000e\000c\000o\000r\000t\000e\000\040\000d\000e\000\040\000i\000m\000\341\000g\000e\000n\000e\000s}{subsection.2.9}% 24
\BOOKMARK [3][-]{subsubsection.2.9.2}{\376\377\000C\000\341\000l\000c\000u\000l\000o\000\040\000d\000e\000\040\000\355\000n\000d\000i\000c\000e\000s}{subsection.2.9}% 25
\BOOKMARK [3][-]{subsubsection.2.9.3}{\376\377\000C\000l\000a\000s\000i\000f\000i\000c\000a\000c\000i\000\363\000n\000\040\000d\000e\000\040\000s\000u\000e\000l\000o\000\040\000y\000\040\000u\000r\000b\000a\000n\000i\000z\000a\000c\000i\000\363\000n}{subsection.2.9}% 26
\BOOKMARK [3][-]{subsubsection.2.9.4}{\376\377\000C\000\341\000l\000c\000u\000l\000o\000\040\000d\000e\000l\000\040\000c\000a\000m\000p\000o\000\040\000d\000e\000\040\000a\000t\000r\000a\000c\000c\000i\000\363\000n\000\040\000y\000\040\000a\000n\000\341\000l\000i\000s\000i\000s\000\040\000d\000e\000\040\000d\000e\000n\000s\000i\000d\000a\000d}{subsection.2.9}% 27
\BOOKMARK [1][-]{section.3}{\376\377\000C\000o\000n\000c\000l\000u\000s\000i\000o\000n\000e\000s}{}% 28
